[debug] [2023-11-07T19:13:21.128Z] ----------------------------------------------------------------------
[debug] [2023-11-07T19:13:21.130Z] Command:       C:\Program Files\nodejs\node.exe C:\Users\Hello\AppData\Roaming\npm\node_modules\firebase-tools\lib\bin\firebase.js init
[debug] [2023-11-07T19:13:21.131Z] CLI Version:   12.8.0
[debug] [2023-11-07T19:13:21.131Z] Platform:      win32
[debug] [2023-11-07T19:13:21.131Z] Node Version:  v18.18.2
[debug] [2023-11-07T19:13:21.132Z] Time:          Tue Nov 07 2023 19:13:21 GMT+0000 (temps universel coordonné)
[debug] [2023-11-07T19:13:21.132Z] ----------------------------------------------------------------------
[debug] 
[debug] [2023-11-07T19:13:21.226Z] > command requires scopes: ["email","openid","https://www.googleapis.com/auth/cloudplatformprojects.readonly","https://www.googleapis.com/auth/firebase","https://www.googleapis.com/auth/cloud-platform"]
[debug] [2023-11-07T19:13:21.227Z] > authorizing via signed-in user (diayaya1999@gmail.com)
[info] 
     ######## #### ########  ######## ########     ###     ######  ########
     ##        ##  ##     ## ##       ##     ##  ##   ##  ##       ##
     ######    ##  ########  ######   ########  #########  ######  ######
     ##        ##  ##    ##  ##       ##     ## ##     ##       ## ##
     ##       #### ##     ## ######## ########  ##     ##  ######  ########

You're about to initialize a Firebase project in this directory:

  C:\Users\Hello\OneDrive\Documents\Techserve\todolist-react

Before we get started, keep in mind:

  * You are initializing within an existing Firebase project directory

[info] 
=== Project Setup
[info] 
[info] First, let's associate this project directory with a Firebase project.
[info] You can create multiple project aliases by running firebase use --add, 
[info] but for now we'll just set up a default project.
[info] 
[debug] [2023-11-07T19:13:38.425Z] Using project from CLI flag: techserve-2be5f
[debug] [2023-11-07T19:13:38.428Z] >>> [apiv2][query] GET https://firebase.googleapis.com/v1beta1/projects/techserve-2be5f [none]
[debug] [2023-11-07T19:13:38.880Z] <<< [apiv2][status] GET https://firebase.googleapis.com/v1beta1/projects/techserve-2be5f 200
[debug] [2023-11-07T19:13:38.880Z] <<< [apiv2][body] GET https://firebase.googleapis.com/v1beta1/projects/techserve-2be5f {"projectId":"techserve-2be5f","projectNumber":"504912558429","displayName":"Techserve","name":"projects/techserve-2be5f","resources":{"hostingSite":"techserve-2be5f"},"state":"ACTIVE","etag":"1_ad39f49f-bd2d-4706-a860-5e675d3e8a40"}
[info] i  Using project techserve-2be5f (Techserve) 
[info] 
=== Hosting Setup
[info] 
[info] Your public directory is the folder (relative to your project directory) that
[info] will contain Hosting assets to be uploaded with firebase deploy. If you
[info] have a build process for your assets, use your build's output directory.
[info] 
[debug] [2023-11-07T19:13:51.350Z] >>> [apiv2][query] GET https://www.gstatic.com/firebasejs/releases.json [none]
[debug] [2023-11-07T19:13:51.790Z] <<< [apiv2][status] GET https://www.gstatic.com/firebasejs/releases.json 200
[debug] [2023-11-07T19:13:51.790Z] <<< [apiv2][body] GET https://www.gstatic.com/firebasejs/releases.json {"current":{"version":"10.5.2","browserURL":"https://www.gstatic.com/firebasejs/10.5.2/firebase.js","packageURL":"https://www.gstatic.com/firebasejs/10.5.2/firebase.tgz"},"live":{"version":"10.5","browserURL":"https://www.gstatic.com/firebasejs/live/10.5/firebase.js","packageURL":"https://www.gstatic.com/firebasejs/live/10.5/firebase.tgz"},"components":{"analytics":"https://www.gstatic.com/firebasejs/10.5.2/firebase-analytics.js","app":"https://www.gstatic.com/firebasejs/10.5.2/firebase-app.js","app-check":"https://www.gstatic.com/firebasejs/10.5.2/firebase-app-check.js","auth":"https://www.gstatic.com/firebasejs/10.5.2/firebase-auth.js","auth/cordova":"https://www.gstatic.com/firebasejs/10.5.2/firebase-auth/cordova.js","functions":"https://www.gstatic.com/firebasejs/10.5.2/firebase-functions.js","firestore":"https://www.gstatic.com/firebasejs/10.5.2/firebase-firestore.js","firestore/lite":"https://www.gstatic.com/firebasejs/10.5.2/firebase-firestore/lite.js","installations":"https://www.gstatic.com/firebasejs/10.5.2/firebase-installations.js","storage":"https://www.gstatic.com/firebasejs/10.5.2/firebase-storage.js","performance":"https://www.gstatic.com/firebasejs/10.5.2/firebase-performance.js","remote-config":"https://www.gstatic.com/firebasejs/10.5.2/firebase-remote-config.js","messaging":"https://www.gstatic.com/firebasejs/10.5.2/firebase-messaging.js","messaging/sw":"https://www.gstatic.com/firebasejs/10.5.2/firebase-messaging/sw.js","database":"https://www.gstatic.com/firebasejs/10.5.2/firebase-database.js","firestore.memory":"https://www.gstatic.com/firebasejs/10.5.2/firebase-firestore.memory.js"}}
[info] +  Wrote public/index.html 
[info] 
[info] i  Detected a .git folder at C:\Users\Hello 
[info] i  Authorizing with GitHub to upload your service account to a GitHub repository's secrets store. 
[info] 
[info] Visit this URL on this device to log in:
[info] https://github.com/login/oauth/authorize?client_id=89cf50f02ac6aaed3484&state=709557880&redirect_uri=http%3A%2F%2Flocalhost%3A9005&scope=read%3Auser%20repo%20public_repo
[info] 
[info] Waiting for authentication...
[debug] [2023-11-07T19:13:56.068Z] >>> [apiv2][query] POST https://github.com/login/oauth/access_token [none]
[debug] [2023-11-07T19:13:56.068Z] >>> [apiv2][body] POST https://github.com/login/oauth/access_token [stream]
[debug] [2023-11-07T19:13:56.533Z] <<< [apiv2][status] POST https://github.com/login/oauth/access_token 200
[debug] [2023-11-07T19:13:56.533Z] <<< [apiv2][body] POST https://github.com/login/oauth/access_token {"access_token":"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","token_type":"bearer","scope":"read:user,repo"}
[debug] [2023-11-07T19:13:56.541Z] >>> [apiv2][query] GET https://api.github.com/user [none]
[debug] [2023-11-07T19:13:57.208Z] <<< [apiv2][status] GET https://api.github.com/user 200
[debug] [2023-11-07T19:13:57.209Z] <<< [apiv2][body] GET https://api.github.com/user {"login":"dialgati","id":124565532,"node_id":"U_kgDOB2y4HA","avatar_url":"https://avatars.githubusercontent.com/u/124565532?v=4","gravatar_id":"","url":"https://api.github.com/users/dialgati","html_url":"https://github.com/dialgati","followers_url":"https://api.github.com/users/dialgati/followers","following_url":"https://api.github.com/users/dialgati/following{/other_user}","gists_url":"https://api.github.com/users/dialgati/gists{/gist_id}","starred_url":"https://api.github.com/users/dialgati/starred{/owner}{/repo}","subscriptions_url":"https://api.github.com/users/dialgati/subscriptions","organizations_url":"https://api.github.com/users/dialgati/orgs","repos_url":"https://api.github.com/users/dialgati/repos","events_url":"https://api.github.com/users/dialgati/events{/privacy}","received_events_url":"https://api.github.com/users/dialgati/received_events","type":"User","site_admin":false,"name":null,"company":null,"blog":"","location":null,"email":null,"hireable":null,"bio":null,"twitter_username":null,"public_repos":28,"public_gists":0,"followers":0,"following":0,"created_at":"2023-02-06T08:56:44Z","updated_at":"2023-10-31T14:45:31Z","private_gists":0,"total_private_repos":0,"owned_private_repos":0,"disk_usage":92140,"collaborators":0,"two_factor_authentication":false,"plan":{"name":"free","space":976562499,"collaborators":0,"private_repos":10000}}
[info] 
[info] +  Success! Logged into GitHub as dialgati 
[info] 
[debug] [2023-11-07T19:19:57.554Z] >>> [apiv2][query] GET https://api.github.com/repos/dialgati/Techserve/actions/secrets/public-key type=owner
[debug] [2023-11-07T19:19:57.968Z] <<< [apiv2][status] GET https://api.github.com/repos/dialgati/Techserve/actions/secrets/public-key 404
[debug] [2023-11-07T19:19:57.968Z] <<< [apiv2][body] GET https://api.github.com/repos/dialgati/Techserve/actions/secrets/public-key {"message":"Not Found","documentation_url":"https://docs.github.com/rest/actions/secrets#get-a-repository-public-key"}
[info] 
[info] 
[error] !  The provided authorization cannot be used with this repository. If this repository is in an organization, did you remember to grant access? 
[info] 
[info] i  Action required: Visit this URL to ensure access has been granted to the appropriate organization(s) for the Firebase CLI GitHub OAuth App: 
[info] https://github.com/settings/connections/applications/89cf50f02ac6aaed3484
[info] 
[debug] [2023-11-07T19:20:18.387Z] >>> [apiv2][query] GET https://api.github.com/repos/dialgati/Techserve/actions/secrets/public-key type=owner
[debug] [2023-11-07T19:20:19.038Z] <<< [apiv2][status] GET https://api.github.com/repos/dialgati/Techserve/actions/secrets/public-key 404
[debug] [2023-11-07T19:20:19.038Z] <<< [apiv2][body] GET https://api.github.com/repos/dialgati/Techserve/actions/secrets/public-key {"message":"Not Found","documentation_url":"https://docs.github.com/rest/actions/secrets#get-a-repository-public-key"}
[info] 
[info] 
[error] !  The provided authorization cannot be used with this repository. If this repository is in an organization, did you remember to grant access? 
[info] 
[info] i  Action required: Visit this URL to ensure access has been granted to the appropriate organization(s) for the Firebase CLI GitHub OAuth App: 
[info] https://github.com/settings/connections/applications/89cf50f02ac6aaed3484
[info] 
[debug] [2023-11-07T19:23:39.703Z] >>> [apiv2][query] GET https://api.github.com/repos/dialgati/Techserve/actions/secrets/public-key type=owner
[debug] [2023-11-07T19:23:40.196Z] <<< [apiv2][status] GET https://api.github.com/repos/dialgati/Techserve/actions/secrets/public-key 404
[debug] [2023-11-07T19:23:40.196Z] <<< [apiv2][body] GET https://api.github.com/repos/dialgati/Techserve/actions/secrets/public-key {"message":"Not Found","documentation_url":"https://docs.github.com/rest/actions/secrets#get-a-repository-public-key"}
[info] 
[info] 
[error] !  The provided authorization cannot be used with this repository. If this repository is in an organization, did you remember to grant access? 
[info] 
[info] i  Action required: Visit this URL to ensure access has been granted to the appropriate organization(s) for the Firebase CLI GitHub OAuth App: 
[info] https://github.com/settings/connections/applications/89cf50f02ac6aaed3484
[info] 
[debug] [2023-11-07T19:25:47.384Z] >>> [apiv2][query] GET https://api.github.com/repos/dialgati/Techserve npm deploy/actions/secrets/public-key type=owner
[debug] [2023-11-07T19:25:48.037Z] <<< [apiv2][status] GET https://api.github.com/repos/dialgati/Techserve npm deploy/actions/secrets/public-key 404
[debug] [2023-11-07T19:25:48.037Z] <<< [apiv2][body] GET https://api.github.com/repos/dialgati/Techserve npm deploy/actions/secrets/public-key {"message":"Not Found","documentation_url":"https://docs.github.com/rest/actions/secrets#get-a-repository-public-key"}
[info] 
[info] 
[error] !  The provided authorization cannot be used with this repository. If this repository is in an organization, did you remember to grant access? 
[info] 
[info] i  Action required: Visit this URL to ensure access has been granted to the appropriate organization(s) for the Firebase CLI GitHub OAuth App: 
[info] https://github.com/settings/connections/applications/89cf50f02ac6aaed3484
[info] 
[debug] [2023-11-07T19:26:17.492Z] >>> [apiv2][query] GET https://api.github.com/repos/dialgati/Techserveyes/actions/secrets/public-key type=owner
[debug] [2023-11-07T19:26:18.139Z] <<< [apiv2][status] GET https://api.github.com/repos/dialgati/Techserveyes/actions/secrets/public-key 404
[debug] [2023-11-07T19:26:18.139Z] <<< [apiv2][body] GET https://api.github.com/repos/dialgati/Techserveyes/actions/secrets/public-key {"message":"Not Found","documentation_url":"https://docs.github.com/rest/actions/secrets#get-a-repository-public-key"}
[info] 
[info] 
[error] !  The provided authorization cannot be used with this repository. If this repository is in an organization, did you remember to grant access? 
[info] 
[info] i  Action required: Visit this URL to ensure access has been granted to the appropriate organization(s) for the Firebase CLI GitHub OAuth App: 
[info] https://github.com/settings/connections/applications/89cf50f02ac6aaed3484
[info] 
[debug] [2023-11-07T19:26:40.313Z] >>> [apiv2][query] GET https://api.github.com/repos/dialgati/Techserve yes/actions/secrets/public-key type=owner
[debug] [2023-11-07T19:26:41.264Z] <<< [apiv2][status] GET https://api.github.com/repos/dialgati/Techserve yes/actions/secrets/public-key 404
[debug] [2023-11-07T19:26:41.264Z] <<< [apiv2][body] GET https://api.github.com/repos/dialgati/Techserve yes/actions/secrets/public-key {"message":"Not Found","documentation_url":"https://docs.github.com/rest/actions/secrets#get-a-repository-public-key"}
[info] 
[info] 
[error] !  The provided authorization cannot be used with this repository. If this repository is in an organization, did you remember to grant access? 
[info] 
[info] i  Action required: Visit this URL to ensure access has been granted to the appropriate organization(s) for the Firebase CLI GitHub OAuth App: 
[info] https://github.com/settings/connections/applications/89cf50f02ac6aaed3484
[info] 
[debug] [2023-11-07T19:26:46.161Z] >>> [apiv2][query] GET https://api.github.com/repos/dialgati/Techserve yes/actions/secrets/public-key type=owner
[debug] [2023-11-07T19:26:46.797Z] <<< [apiv2][status] GET https://api.github.com/repos/dialgati/Techserve yes/actions/secrets/public-key 404
[debug] [2023-11-07T19:26:46.798Z] <<< [apiv2][body] GET https://api.github.com/repos/dialgati/Techserve yes/actions/secrets/public-key {"message":"Not Found","documentation_url":"https://docs.github.com/rest/actions/secrets#get-a-repository-public-key"}
[info] 
[info] 
[error] !  The provided authorization cannot be used with this repository. If this repository is in an organization, did you remember to grant access? 
[info] 
[info] i  Action required: Visit this URL to ensure access has been granted to the appropriate organization(s) for the Firebase CLI GitHub OAuth App: 
[info] https://github.com/settings/connections/applications/89cf50f02ac6aaed3484
[info] 
[debug] [2023-11-07T19:29:18.050Z] >>> [apiv2][query] GET https://api.github.com/repos/dialgati/Techserve/actions/secrets/public-key type=owner
[debug] [2023-11-07T19:29:18.696Z] <<< [apiv2][status] GET https://api.github.com/repos/dialgati/Techserve/actions/secrets/public-key 404
[debug] [2023-11-07T19:29:18.696Z] <<< [apiv2][body] GET https://api.github.com/repos/dialgati/Techserve/actions/secrets/public-key {"message":"Not Found","documentation_url":"https://docs.github.com/rest/actions/secrets#get-a-repository-public-key"}
[info] 
[info] 
[error] !  The provided authorization cannot be used with this repository. If this repository is in an organization, did you remember to grant access? 
[info] 
[info] i  Action required: Visit this URL to ensure access has been granted to the appropriate organization(s) for the Firebase CLI GitHub OAuth App: 
[info] https://github.com/settings/connections/applications/89cf50f02ac6aaed3484
[info] 
[debug] [2023-11-07T19:40:53.121Z] >>> [apiv2][query] GET https://api.github.com/repos/dialgati/Techserve/actions/secrets/public-key type=owner
[debug] [2023-11-07T19:40:53.628Z] <<< [apiv2][status] GET https://api.github.com/repos/dialgati/Techserve/actions/secrets/public-key 404
[debug] [2023-11-07T19:40:53.628Z] <<< [apiv2][body] GET https://api.github.com/repos/dialgati/Techserve/actions/secrets/public-key {"message":"Not Found","documentation_url":"https://docs.github.com/rest/actions/secrets#get-a-repository-public-key"}
[info] 
[info] 
[error] !  The provided authorization cannot be used with this repository. If this repository is in an organization, did you remember to grant access? 
[info] 
[info] i  Action required: Visit this URL to ensure access has been granted to the appropriate organization(s) for the Firebase CLI GitHub OAuth App: 
[info] https://github.com/settings/connections/applications/89cf50f02ac6aaed3484
[info] 
[debug] [2023-11-07T19:41:42.220Z] >>> [apiv2][query] GET https://api.github.com/repos/(dialgati/Techserve)/actions/secrets/public-key type=owner
[debug] [2023-11-07T19:41:42.635Z] <<< [apiv2][status] GET https://api.github.com/repos/(dialgati/Techserve)/actions/secrets/public-key 404
[debug] [2023-11-07T19:41:42.636Z] <<< [apiv2][body] GET https://api.github.com/repos/(dialgati/Techserve)/actions/secrets/public-key {"message":"Not Found","documentation_url":"https://docs.github.com/rest/actions/secrets#get-a-repository-public-key"}
[info] 
[info] 
[error] !  The provided authorization cannot be used with this repository. If this repository is in an organization, did you remember to grant access? 
[info] 
[info] i  Action required: Visit this URL to ensure access has been granted to the appropriate organization(s) for the Firebase CLI GitHub OAuth App: 
[info] https://github.com/settings/connections/applications/89cf50f02ac6aaed3484
[info] 
[debug] [2023-11-07T19:42:44.675Z] >>> [apiv2][query] GET https://api.github.com/repos/(dialgati/Techserve)/actions/secrets/public-key type=owner
[debug] [2023-11-07T19:42:45.383Z] <<< [apiv2][status] GET https://api.github.com/repos/(dialgati/Techserve)/actions/secrets/public-key 404
[debug] [2023-11-07T19:42:45.383Z] <<< [apiv2][body] GET https://api.github.com/repos/(dialgati/Techserve)/actions/secrets/public-key {"message":"Not Found","documentation_url":"https://docs.github.com/rest/actions/secrets#get-a-repository-public-key"}
[info] 
[info] 
[error] !  The provided authorization cannot be used with this repository. If this repository is in an organization, did you remember to grant access? 
[info] 
[info] i  Action required: Visit this URL to ensure access has been granted to the appropriate organization(s) for the Firebase CLI GitHub OAuth App: 
[info] https://github.com/settings/connections/applications/89cf50f02ac6aaed3484
[info] 
[debug] [2023-11-07T19:45:19.531Z] >>> [apiv2][query] GET https://api.github.com/repos/dialgati/Techserve/actions/secrets/public-key type=owner
[debug] [2023-11-07T19:45:20.459Z] <<< [apiv2][status] GET https://api.github.com/repos/dialgati/Techserve/actions/secrets/public-key 404
[debug] [2023-11-07T19:45:20.459Z] <<< [apiv2][body] GET https://api.github.com/repos/dialgati/Techserve/actions/secrets/public-key {"message":"Not Found","documentation_url":"https://docs.github.com/rest/actions/secrets#get-a-repository-public-key"}
[info] 
[info] 
[error] !  The provided authorization cannot be used with this repository. If this repository is in an organization, did you remember to grant access? 
[info] 
[info] i  Action required: Visit this URL to ensure access has been granted to the appropriate organization(s) for the Firebase CLI GitHub OAuth App: 
[info] https://github.com/settings/connections/applications/89cf50f02ac6aaed3484
[info] 
[debug] [2023-11-07T19:46:01.936Z] >>> [apiv2][query] GET https://api.github.com/repos/dialgati/Techserve/actions/secrets/public-key type=owner
[debug] [2023-11-07T19:46:02.360Z] <<< [apiv2][status] GET https://api.github.com/repos/dialgati/Techserve/actions/secrets/public-key 404
[debug] [2023-11-07T19:46:02.361Z] <<< [apiv2][body] GET https://api.github.com/repos/dialgati/Techserve/actions/secrets/public-key {"message":"Not Found","documentation_url":"https://docs.github.com/rest/actions/secrets#get-a-repository-public-key"}
[info] 
[info] 
[error] !  The provided authorization cannot be used with this repository. If this repository is in an organization, did you remember to grant access? 
[info] 
[info] i  Action required: Visit this URL to ensure access has been granted to the appropriate organization(s) for the Firebase CLI GitHub OAuth App: 
[info] https://github.com/settings/connections/applications/89cf50f02ac6aaed3484
[info] 
[debug] [2023-11-07T19:59:55.961Z] >>> [apiv2][query] GET https://api.github.com/repos/dialgati/Techserve-react /actions/secrets/public-key type=owner
[debug] [2023-11-07T19:59:56.848Z] <<< [apiv2][status] GET https://api.github.com/repos/dialgati/Techserve-react /actions/secrets/public-key 404
[debug] [2023-11-07T19:59:56.849Z] <<< [apiv2][body] GET https://api.github.com/repos/dialgati/Techserve-react /actions/secrets/public-key {"message":"Not Found","documentation_url":"https://docs.github.com/rest/actions/secrets#get-a-repository-public-key"}
[info] 
[info] 
[error] !  The provided authorization cannot be used with this repository. If this repository is in an organization, did you remember to grant access? 
[info] 
[info] i  Action required: Visit this URL to ensure access has been granted to the appropriate organization(s) for the Firebase CLI GitHub OAuth App: 
[info] https://github.com/settings/connections/applications/89cf50f02ac6aaed3484
[info] 
[debug] [2023-11-07T20:04:24.567Z] >>> [apiv2][query] GET https://api.github.com/repos/dialgati/Techserve-react /actions/secrets/public-key type=owner
[debug] [2023-11-07T20:04:25.004Z] <<< [apiv2][status] GET https://api.github.com/repos/dialgati/Techserve-react /actions/secrets/public-key 404
[debug] [2023-11-07T20:04:25.005Z] <<< [apiv2][body] GET https://api.github.com/repos/dialgati/Techserve-react /actions/secrets/public-key {"message":"Not Found","documentation_url":"https://docs.github.com/rest/actions/secrets#get-a-repository-public-key"}
[info] 
[info] 
[error] !  The provided authorization cannot be used with this repository. If this repository is in an organization, did you remember to grant access? 
[info] 
[info] i  Action required: Visit this URL to ensure access has been granted to the appropriate organization(s) for the Firebase CLI GitHub OAuth App: 
[info] https://github.com/settings/connections/applications/89cf50f02ac6aaed3484
[info] 
